[[[自动注册扩展缓存完成]]]
[2021/06/15 09:34:35.3123]
[线程：1]
注册总用时：0.1916ms
自动扫描程序集：0个
扩展缓存：

[[[系统日志]]]
[2021/06/15 09:34:35.4100]
[线程：1]
系统启动

[[[微信扩展缓存注册完成]]]
[2021/06/15 09:34:35.6499]
[线程：1]
微信扩展缓存注册总用时：170.3825ms
扩展缓存：Senparc.Weixin.Cache.LocalContainerCacheStrategy
Senparc.Weixin.Cache.Redis.RedisContainerCacheStrategy

[[[自动注册扩展缓存完成]]]
[2021/06/15 11:00:46.2675]
[线程：1]
注册总用时：0.036ms
自动扫描程序集：0个
扩展缓存：

[[[系统日志]]]
[2021/06/15 11:00:46.2933]
[线程：1]
系统启动

[[[微信扩展缓存注册完成]]]
[2021/06/15 11:00:46.3322]
[线程：1]
微信扩展缓存注册总用时：19.3287ms
扩展缓存：Senparc.Weixin.Cache.LocalContainerCacheStrategy
Senparc.Weixin.Cache.Redis.RedisContainerCacheStrategy

[[[自动注册扩展缓存完成]]]
[2021/06/15 11:08:56.8848]
[线程：1]
注册总用时：0.0204ms
自动扫描程序集：0个
扩展缓存：

[[[系统日志]]]
[2021/06/15 11:08:56.9052]
[线程：1]
系统启动

[[[微信扩展缓存注册完成]]]
[2021/06/15 11:08:56.9363]
[线程：1]
微信扩展缓存注册总用时：11.6284ms
扩展缓存：Senparc.Weixin.Cache.LocalContainerCacheStrategy
Senparc.Weixin.Cache.Redis.RedisContainerCacheStrategy

[[[自动注册扩展缓存完成]]]
[2021/06/15 11:20:07.8170]
[线程：1]
注册总用时：0.0085ms
自动扫描程序集：0个
扩展缓存：

[[[系统日志]]]
[2021/06/15 11:20:07.8374]
[线程：1]
系统启动

[[[微信扩展缓存注册完成]]]
[2021/06/15 11:20:07.8716]
[线程：1]
微信扩展缓存注册总用时：11.4869ms
扩展缓存：Senparc.Weixin.Cache.LocalContainerCacheStrategy
Senparc.Weixin.Cache.Redis.RedisContainerCacheStrategy

[[[自动注册扩展缓存完成]]]
[2021/06/15 13:00:23.2428]
[线程：1]
注册总用时：0.0317ms
自动扫描程序集：0个
扩展缓存：

[[[系统日志]]]
[2021/06/15 13:00:23.3217]
[线程：1]
系统启动

[[[微信扩展缓存注册完成]]]
[2021/06/15 13:00:23.4398]
[线程：1]
微信扩展缓存注册总用时：21.1681ms
扩展缓存：Senparc.Weixin.Cache.LocalContainerCacheStrategy
Senparc.Weixin.Cache.Redis.RedisContainerCacheStrategy

[[[自动注册扩展缓存完成]]]
[2021/06/15 13:10:25.4464]
[线程：1]
注册总用时：0.0394ms
自动扫描程序集：0个
扩展缓存：

[[[系统日志]]]
[2021/06/15 13:10:25.4707]
[线程：1]
系统启动

[[[微信扩展缓存注册完成]]]
[2021/06/15 13:10:25.5130]
[线程：1]
微信扩展缓存注册总用时：13.2285ms
扩展缓存：Senparc.Weixin.Cache.LocalContainerCacheStrategy
Senparc.Weixin.Cache.Redis.RedisContainerCacheStrategy

[[[自动注册扩展缓存完成]]]
[2021/06/15 13:18:46.3114]
[线程：1]
注册总用时：0.0082ms
自动扫描程序集：0个
扩展缓存：

[[[系统日志]]]
[2021/06/15 13:18:46.3298]
[线程：1]
系统启动

[[[微信扩展缓存注册完成]]]
[2021/06/15 13:18:46.3609]
[线程：1]
微信扩展缓存注册总用时：10.6780ms
扩展缓存：Senparc.Weixin.Cache.LocalContainerCacheStrategy
Senparc.Weixin.Cache.Redis.RedisContainerCacheStrategy

[[[接口调用]]]
[2021/06/15 13:48:56.6128]
[线程：131]
	URL：https://api.weixin.qq.com/sns/jscode2session?appid=wxaf182e6a06f6a026&secret=fabba2d0a5f3ff30ccd49dae9fec587e&js_code=0113cc000gO6TL1I4E200vJD1p03cc0q&grant_type=authorization_code
	Result：
{"session_key":"BuKfXAmadNIJPYPNIlZ8QQ==","openid":"o-a2B4hn0Bbg65G_AYasGv8sVv2U"}

[[[自动注册扩展缓存完成]]]
[2021/06/15 14:07:45.2269]
[线程：1]
注册总用时：0.021ms
自动扫描程序集：0个
扩展缓存：

[[[系统日志]]]
[2021/06/15 14:07:45.2539]
[线程：1]
系统启动

[[[微信扩展缓存注册完成]]]
[2021/06/15 14:07:45.2919]
[线程：1]
微信扩展缓存注册总用时：15.6966ms
扩展缓存：Senparc.Weixin.Cache.LocalContainerCacheStrategy
Senparc.Weixin.Cache.Redis.RedisContainerCacheStrategy

[[[自动注册扩展缓存完成]]]
[2021/06/15 14:16:53.0901]
[线程：1]
注册总用时：0.0076ms
自动扫描程序集：0个
扩展缓存：

[[[系统日志]]]
[2021/06/15 14:16:53.1192]
[线程：1]
系统启动

[[[微信扩展缓存注册完成]]]
[2021/06/15 14:16:53.1641]
[线程：1]
微信扩展缓存注册总用时：13.9387ms
扩展缓存：Senparc.Weixin.Cache.LocalContainerCacheStrategy
Senparc.Weixin.Cache.Redis.RedisContainerCacheStrategy

[[[自动注册扩展缓存完成]]]
[2021/06/15 14:39:12.7538]
[线程：1]
注册总用时：0.0103ms
自动扫描程序集：0个
扩展缓存：

[[[系统日志]]]
[2021/06/15 14:39:12.7800]
[线程：1]
系统启动

[[[微信扩展缓存注册完成]]]
[2021/06/15 14:39:12.8125]
[线程：1]
微信扩展缓存注册总用时：12.0675ms
扩展缓存：Senparc.Weixin.Cache.LocalContainerCacheStrategy
Senparc.Weixin.Cache.Redis.RedisContainerCacheStrategy

[[[接口调用]]]
[2021/06/15 14:56:56.7645]
[线程：93]
	URL：https://api.weixin.qq.com/sns/jscode2session?appid=wxaf182e6a06f6a026&secret=fabba2d0a5f3ff30ccd49dae9fec587e&js_code=081arO0001fITL1wds200eeDUa4arO08&grant_type=authorization_code
	Result：
{"session_key":"xjoRJWsQDjfKl4JMdhiEFg==","openid":"o-a2B4hn0Bbg65G_AYasGv8sVv2U"}

[[[接口调用]]]
[2021/06/15 14:57:42.1113]
[线程：108]
	URL：https://api.weixin.qq.com/sns/jscode2session?appid=wxaf182e6a06f6a026&secret=fabba2d0a5f3ff30ccd49dae9fec587e&js_code=0511ZSkl2QFMd74yncml2987lP31ZSkq&grant_type=authorization_code
	Result：
{"session_key":"xjoRJWsQDjfKl4JMdhiEFg==","openid":"o-a2B4hn0Bbg65G_AYasGv8sVv2U"}

[[[接口调用]]]
[2021/06/15 14:59:45.7198]
[线程：93]
	URL：https://api.weixin.qq.com/sns/jscode2session?appid=wxaf182e6a06f6a026&secret=fabba2d0a5f3ff30ccd49dae9fec587e&js_code=011x9vHa1Y1MfB0uNsGa1HRGB40x9vH2&grant_type=authorization_code
	Result：
{"session_key":"yWsIg05IDwyL\/J1yt18g1A==","openid":"o-a2B4hn0Bbg65G_AYasGv8sVv2U"}

[[[接口调用]]]
[2021/06/15 15:03:13.9741]
[线程：81]
	URL：https://api.weixin.qq.com/sns/jscode2session?appid=wxaf182e6a06f6a026&secret=fabba2d0a5f3ff30ccd49dae9fec587e&js_code=021r4RFa1CU6eB0HauFa1h0n422r4RFc&grant_type=authorization_code
	Result：
{"session_key":"cipmg490uKBD4sh4gtQd3g==","openid":"o-a2B4hn0Bbg65G_AYasGv8sVv2U"}

[[[自动注册扩展缓存完成]]]
[2021/06/15 15:23:29.3419]
[线程：1]
注册总用时：0.0386ms
自动扫描程序集：0个
扩展缓存：

[[[系统日志]]]
[2021/06/15 15:23:29.3676]
[线程：1]
系统启动

[[[微信扩展缓存注册完成]]]
[2021/06/15 15:23:29.4032]
[线程：1]
微信扩展缓存注册总用时：10.9787ms
扩展缓存：Senparc.Weixin.Cache.LocalContainerCacheStrategy
Senparc.Weixin.Cache.Redis.RedisContainerCacheStrategy

[[[接口调用]]]
[2021/06/15 15:36:29.5094]
[线程：45]
	URL：https://api.weixin.qq.com/sns/jscode2session?appid=wxaf182e6a06f6a026&secret=fabba2d0a5f3ff30ccd49dae9fec587e&js_code=001cKM0w32zazW2eJd0w3vKerE4cKM0A&grant_type=authorization_code
	Result：
{"session_key":"TjJt9U\/pLGORFBFqmMO1mw==","openid":"o-a2B4hn0Bbg65G_AYasGv8sVv2U"}

[[[接口调用]]]
[2021/06/15 15:37:20.1542]
[线程：41]
	URL：https://api.weixin.qq.com/sns/jscode2session?appid=wxaf182e6a06f6a026&secret=fabba2d0a5f3ff30ccd49dae9fec587e&js_code=001XA1ml2W12f74mHFml2qd3FC0XA1mm&grant_type=authorization_code
	Result：
{"session_key":"TjJt9U\/pLGORFBFqmMO1mw==","openid":"o-a2B4hn0Bbg65G_AYasGv8sVv2U"}

[[[接口调用]]]
[2021/06/15 15:39:00.0548]
[线程：30]
	URL：https://api.weixin.qq.com/sns/jscode2session?appid=wxaf182e6a06f6a026&secret=fabba2d0a5f3ff30ccd49dae9fec587e&js_code=081a0R0009kRTL1QQ2000zjgC62a0R0n&grant_type=authorization_code
	Result：
{"session_key":"R2zY6WCIWtCwMUxozEOeHA==","openid":"o-a2B4hn0Bbg65G_AYasGv8sVv2U"}

[[[接口调用]]]
[2021/06/15 15:40:06.8254]
[线程：51]
	URL：https://api.weixin.qq.com/sns/jscode2session?appid=wxaf182e6a06f6a026&secret=fabba2d0a5f3ff30ccd49dae9fec587e&js_code=091iwEkl27YEd74grnol2F0IB62iwEkR&grant_type=authorization_code
	Result：
{"session_key":"R2zY6WCIWtCwMUxozEOeHA==","openid":"o-a2B4hn0Bbg65G_AYasGv8sVv2U"}

[[[接口调用]]]
[2021/06/15 15:40:56.0880]
[线程：46]
	URL：https://api.weixin.qq.com/sns/jscode2session?appid=wxaf182e6a06f6a026&secret=fabba2d0a5f3ff30ccd49dae9fec587e&js_code=011VjCFa1610eB0u4gGa1iNiPv0VjCF-&grant_type=authorization_code
	Result：
{"session_key":"R2zY6WCIWtCwMUxozEOeHA==","openid":"o-a2B4hn0Bbg65G_AYasGv8sVv2U"}

[[[接口调用]]]
[2021/06/15 15:49:03.6210]
[线程：41]
	URL：https://api.weixin.qq.com/sns/jscode2session?appid=wxaf182e6a06f6a026&secret=fabba2d0a5f3ff30ccd49dae9fec587e&js_code=02174Fkl2xKId748Qlnl2IExSn074Fkb&grant_type=authorization_code
	Result：
{"session_key":"5GDxwI7qVvv9OjeD65Pdug==","openid":"o-a2B4hn0Bbg65G_AYasGv8sVv2U"}

[[[接口调用]]]
[2021/06/15 15:55:14.2053]
[线程：41]
	URL：https://api.weixin.qq.com/sns/jscode2session?appid=wxaf182e6a06f6a026&secret=fabba2d0a5f3ff30ccd49dae9fec587e&js_code=061YbDFa1rm3eB0FNiGa1VGZCs3YbDFA&grant_type=authorization_code
	Result：
{"session_key":"O8kDuB+9GGwhBRjuowK\/eQ==","openid":"o-a2B4hn0Bbg65G_AYasGv8sVv2U"}

[[[接口调用]]]
[2021/06/15 16:05:21.7108]
[线程：46]
	URL：https://api.weixin.qq.com/sns/jscode2session?appid=wxaf182e6a06f6a026&secret=fabba2d0a5f3ff30ccd49dae9fec587e&js_code=051kUbGa1EIAeB0CAoJa1n8f6o3kUbGe&grant_type=authorization_code
	Result：
{"session_key":"yVvj8eBoRp5Y4UutjRYhAw==","openid":"o-a2B4hn0Bbg65G_AYasGv8sVv2U"}

[[[自动注册扩展缓存完成]]]
[2021/06/15 16:36:37.9293]
[线程：1]
注册总用时：0.0157ms
自动扫描程序集：0个
扩展缓存：

[[[系统日志]]]
[2021/06/15 16:36:37.9640]
[线程：1]
系统启动

[[[微信扩展缓存注册完成]]]
[2021/06/15 16:36:37.9965]
[线程：1]
微信扩展缓存注册总用时：12.6712ms
扩展缓存：Senparc.Weixin.Cache.LocalContainerCacheStrategy
Senparc.Weixin.Cache.Redis.RedisContainerCacheStrategy

[[[接口调用]]]
[2021/06/15 16:36:58.7089]
[线程：28]
	URL：https://api.weixin.qq.com/sns/jscode2session?appid=wxaf182e6a06f6a026&secret=fabba2d0a5f3ff30ccd49dae9fec587e&js_code=091PPdGa1ccxeB0RHmIa1gFDpn4PPdGq&grant_type=authorization_code
	Result：
{"session_key":"QLRVdxtQiTtGrPqb3yezVw==","openid":"o-a2B4hn0Bbg65G_AYasGv8sVv2U"}

[[[接口调用]]]
[2021/06/15 16:39:36.2348]
[线程：41]
	URL：https://api.weixin.qq.com/sns/jscode2session?appid=wxaf182e6a06f6a026&secret=fabba2d0a5f3ff30ccd49dae9fec587e&js_code=001gfgll2vTbe740ZMll2DrMRi4gfgl1&grant_type=authorization_code
	Result：
{"session_key":"0aTBtv5NUumwBofUd\/6jWQ==","openid":"o-a2B4hn0Bbg65G_AYasGv8sVv2U"}

[[[接口调用]]]
[2021/06/15 16:58:29.3156]
[线程：62]
	URL：https://api.weixin.qq.com/sns/jscode2session?appid=wxaf182e6a06f6a026&secret=fabba2d0a5f3ff30ccd49dae9fec587e&js_code=051CNE000uPwTL1q7f100FTnEi1CNE0a&grant_type=authorization_code
	Result：
{"session_key":"huIKOqcRJYO61g4IDutXcA==","openid":"o-a2B4hn0Bbg65G_AYasGv8sVv2U"}

[[[接口调用]]]
[2021/06/15 17:01:00.5701]
[线程：62]
	URL：https://api.weixin.qq.com/sns/jscode2session?appid=wxaf182e6a06f6a026&secret=fabba2d0a5f3ff30ccd49dae9fec587e&js_code=021GfYFa12fdeB0ZMRFa1JHSbH0GfYFW&grant_type=authorization_code
	Result：
{"session_key":"U0Ay1T7g2oRBjMotxQX37Q==","openid":"o-a2B4hn0Bbg65G_AYasGv8sVv2U"}

[[[接口调用]]]
[2021/06/15 17:08:13.0476]
[线程：138]
	URL：https://api.weixin.qq.com/sns/jscode2session?appid=wxaf182e6a06f6a026&secret=fabba2d0a5f3ff30ccd49dae9fec587e&js_code=041v5Qll2dyGe74vdsll2AzetJ0v5Ql0&grant_type=authorization_code
	Result：
{"session_key":"kXKrsqBV5uQBfaQISzUfZw==","openid":"o-a2B4hn0Bbg65G_AYasGv8sVv2U"}

[[[自动注册扩展缓存完成]]]
[2021/06/15 17:15:08.5648]
[线程：1]
注册总用时：0.0294ms
自动扫描程序集：0个
扩展缓存：

[[[系统日志]]]
[2021/06/15 17:15:08.5851]
[线程：1]
系统启动

[[[微信扩展缓存注册完成]]]
[2021/06/15 17:15:08.6157]
[线程：1]
微信扩展缓存注册总用时：11.4361ms
扩展缓存：Senparc.Weixin.Cache.LocalContainerCacheStrategy
Senparc.Weixin.Cache.Redis.RedisContainerCacheStrategy

[[[接口调用]]]
[2021/06/15 17:15:24.8665]
[线程：18]
	URL：https://api.weixin.qq.com/sns/jscode2session?appid=wxaf182e6a06f6a026&secret=fabba2d0a5f3ff30ccd49dae9fec587e&js_code=071zMo000WBgTL1vcX300cagT31zMo03&grant_type=authorization_code
	Result：
{"session_key":"OadcM+ER9eEbpLv5Unqa6w==","openid":"o-a2B4hn0Bbg65G_AYasGv8sVv2U"}

