[[[自动注册扩展缓存完成]]]
[2021/06/16 10:17:04.2757]
[线程：1]
注册总用时：0.4144ms
自动扫描程序集：0个
扩展缓存：

[[[系统日志]]]
[2021/06/16 10:17:04.3033]
[线程：1]
系统启动

[[[微信扩展缓存注册完成]]]
[2021/06/16 10:17:04.3827]
[线程：1]
微信扩展缓存注册总用时：59.2672ms
扩展缓存：Senparc.Weixin.Cache.LocalContainerCacheStrategy
Senparc.Weixin.Cache.Redis.RedisContainerCacheStrategy

[[[接口调用]]]
[2021/06/16 10:18:18.4517]
[线程：26]
	URL：https://api.weixin.qq.com/sns/jscode2session?appid=wxaf182e6a06f6a026&secret=fabba2d0a5f3ff30ccd49dae9fec587e&js_code=021hBcll2YZte74nqznl2YIfNj1hBcli&grant_type=authorization_code
	Result：
{"session_key":"UbUDcIqock0KPCsaWmVR1w==","openid":"o-a2B4hn0Bbg65G_AYasGv8sVv2U"}

[[[自动注册扩展缓存完成]]]
[2021/06/16 10:42:36.2903]
[线程：1]
注册总用时：0.0088ms
自动扫描程序集：0个
扩展缓存：

[[[系统日志]]]
[2021/06/16 10:42:36.3222]
[线程：1]
系统启动

[[[微信扩展缓存注册完成]]]
[2021/06/16 10:42:36.3554]
[线程：1]
微信扩展缓存注册总用时：12.9225ms
扩展缓存：Senparc.Weixin.Cache.LocalContainerCacheStrategy
Senparc.Weixin.Cache.Redis.RedisContainerCacheStrategy

[[[接口调用]]]
[2021/06/16 10:46:38.5105]
[线程：39]
	URL：https://api.weixin.qq.com/sns/jscode2session?appid=wxaf182e6a06f6a026&secret=fabba2d0a5f3ff30ccd49dae9fec587e&js_code=081R4cGa1bTheB0ARAJa1WomxI3R4cGi&grant_type=authorization_code
	Result：
{"session_key":"I+Le6M1abTjb2qRd2YT2lg==","openid":"o-a2B4hn0Bbg65G_AYasGv8sVv2U"}

[[[接口调用]]]
[2021/06/16 10:47:20.4978]
[线程：39]
	URL：https://api.weixin.qq.com/sns/jscode2session?appid=wxaf182e6a06f6a026&secret=fabba2d0a5f3ff30ccd49dae9fec587e&js_code=071BIO0w3iwUyW2Lp54w3sl42B4BIO0s&grant_type=authorization_code
	Result：
{"session_key":"eZe+p+9hKkJx269V\/qPbtA==","openid":"o-a2B4hn0Bbg65G_AYasGv8sVv2U"}

[[[接口调用]]]
[2021/06/16 10:49:40.6478]
[线程：20]
	URL：https://api.weixin.qq.com/sns/jscode2session?appid=wxaf182e6a06f6a026&secret=fabba2d0a5f3ff30ccd49dae9fec587e&js_code=071QUB0005fTTL1e3g400vOR2r2QUB0s&grant_type=authorization_code
	Result：
{"session_key":"rQrc9R9DxzeXWGnI9+dZkg==","openid":"o-a2B4hn0Bbg65G_AYasGv8sVv2U"}

[[[接口调用]]]
[2021/06/16 10:50:26.9577]
[线程：57]
	URL：https://api.weixin.qq.com/sns/jscode2session?appid=wxaf182e6a06f6a026&secret=fabba2d0a5f3ff30ccd49dae9fec587e&js_code=011LXB000j4TTL1phu000cHdmq3LXB0f&grant_type=authorization_code
	Result：
{"session_key":"rQrc9R9DxzeXWGnI9+dZkg==","openid":"o-a2B4hn0Bbg65G_AYasGv8sVv2U"}

[[[接口调用]]]
[2021/06/16 10:58:25.8758]
[线程：90]
	URL：https://api.weixin.qq.com/sns/jscode2session?appid=wxaf182e6a06f6a026&secret=fabba2d0a5f3ff30ccd49dae9fec587e&js_code=071Z5wll2Rbbe74Sslol2Eg5yS0Z5wlj&grant_type=authorization_code
	Result：
{"session_key":"TuvNcNsClioxXSXRje0uHQ==","openid":"o-a2B4hn0Bbg65G_AYasGv8sVv2U"}

[[[接口调用]]]
[2021/06/16 10:59:13.3573]
[线程：57]
	URL：https://api.weixin.qq.com/sns/jscode2session?appid=wxaf182e6a06f6a026&secret=fabba2d0a5f3ff30ccd49dae9fec587e&js_code=01119wll2fibe747Yfol2UeNaR219wlS&grant_type=authorization_code
	Result：
{"session_key":"TuvNcNsClioxXSXRje0uHQ==","openid":"o-a2B4hn0Bbg65G_AYasGv8sVv2U"}

[[[接口调用]]]
[2021/06/16 10:59:34.1865]
[线程：98]
	URL：https://api.weixin.qq.com/sns/jscode2session?appid=wxaf182e6a06f6a026&secret=fabba2d0a5f3ff30ccd49dae9fec587e&js_code=071KLEFa1hkHdB0GyZIa1tz2gG3KLEFe&grant_type=authorization_code
	Result：
{"session_key":"TuvNcNsClioxXSXRje0uHQ==","openid":"o-a2B4hn0Bbg65G_AYasGv8sVv2U"}

[[[接口调用]]]
[2021/06/16 11:01:40.9988]
[线程：116]
	URL：https://api.weixin.qq.com/sns/jscode2session?appid=wxaf182e6a06f6a026&secret=fabba2d0a5f3ff30ccd49dae9fec587e&js_code=091GTEFa1JtHdB0wL7Ia1Dcb1V3GTEF1&grant_type=authorization_code
	Result：
{"session_key":"rTN1c6vnuZ6wj0CouPogvw==","openid":"o-a2B4hn0Bbg65G_AYasGv8sVv2U"}

[[[接口调用]]]
[2021/06/16 11:01:59.4570]
[线程：116]
	URL：https://api.weixin.qq.com/sns/jscode2session?appid=wxaf182e6a06f6a026&secret=fabba2d0a5f3ff30ccd49dae9fec587e&js_code=091PRnFa1vuYdB0aNDHa12ECur3PRnFU&grant_type=authorization_code
	Result：
{"session_key":"rTN1c6vnuZ6wj0CouPogvw==","openid":"o-a2B4hn0Bbg65G_AYasGv8sVv2U"}

[[[接口调用]]]
[2021/06/16 11:02:30.0314]
[线程：113]
	URL：https://api.weixin.qq.com/sns/jscode2session?appid=wxaf182e6a06f6a026&secret=fabba2d0a5f3ff30ccd49dae9fec587e&js_code=021ifYkl2ijDd74cfZnl2TKglj0ifYk8&grant_type=authorization_code
	Result：
{"session_key":"rTN1c6vnuZ6wj0CouPogvw==","openid":"o-a2B4hn0Bbg65G_AYasGv8sVv2U"}

[[[接口调用]]]
[2021/06/16 11:02:54.5647]
[线程：114]
	URL：https://api.weixin.qq.com/sns/jscode2session?appid=wxaf182e6a06f6a026&secret=fabba2d0a5f3ff30ccd49dae9fec587e&js_code=021iVnFa19sYdB0vAYGa1nGGNe0iVnFI&grant_type=authorization_code
	Result：
{"session_key":"rTN1c6vnuZ6wj0CouPogvw==","openid":"o-a2B4hn0Bbg65G_AYasGv8sVv2U"}

[[[自动注册扩展缓存完成]]]
[2021/06/16 11:12:09.6653]
[线程：1]
注册总用时：0.0317ms
自动扫描程序集：0个
扩展缓存：

[[[系统日志]]]
[2021/06/16 11:12:09.6885]
[线程：1]
系统启动

[[[微信扩展缓存注册完成]]]
[2021/06/16 11:12:09.7200]
[线程：1]
微信扩展缓存注册总用时：12.3458ms
扩展缓存：Senparc.Weixin.Cache.LocalContainerCacheStrategy
Senparc.Weixin.Cache.Redis.RedisContainerCacheStrategy

[[[自动注册扩展缓存完成]]]
[2021/06/16 11:13:36.4421]
[线程：1]
注册总用时：0.0386ms
自动扫描程序集：0个
扩展缓存：

[[[系统日志]]]
[2021/06/16 11:13:36.4754]
[线程：1]
系统启动

[[[微信扩展缓存注册完成]]]
[2021/06/16 11:13:36.5173]
[线程：1]
微信扩展缓存注册总用时：13.0030ms
扩展缓存：Senparc.Weixin.Cache.LocalContainerCacheStrategy
Senparc.Weixin.Cache.Redis.RedisContainerCacheStrategy

[[[接口调用]]]
[2021/06/16 11:14:18.8890]
[线程：4]
	URL：https://api.weixin.qq.com/sns/jscode2session?appid=wxaf182e6a06f6a026&secret=fabba2d0a5f3ff30ccd49dae9fec587e&js_code=011VpD000yePTL1r7d000mZgXV0VpD0N&grant_type=authorization_code
	Result：
{"session_key":"6JL0Mw1243frdSwtCDvVOQ==","openid":"o-a2B4hn0Bbg65G_AYasGv8sVv2U"}

[[[自动注册扩展缓存完成]]]
[2021/06/16 11:28:31.1556]
[线程：1]
注册总用时：0.0219ms
自动扫描程序集：0个
扩展缓存：

[[[系统日志]]]
[2021/06/16 11:28:31.1791]
[线程：1]
系统启动

[[[微信扩展缓存注册完成]]]
[2021/06/16 11:28:31.2181]
[线程：1]
微信扩展缓存注册总用时：16.4972ms
扩展缓存：Senparc.Weixin.Cache.LocalContainerCacheStrategy
Senparc.Weixin.Cache.Redis.RedisContainerCacheStrategy

[[[接口调用]]]
[2021/06/16 11:28:42.7529]
[线程：28]
	URL：https://api.weixin.qq.com/sns/jscode2session?appid=wxaf182e6a06f6a026&secret=fabba2d0a5f3ff30ccd49dae9fec587e&js_code=001RAXFa1hYweB0gnFIa1aEjYw0RAXFi&grant_type=authorization_code
	Result：
{"session_key":"Km4DerLSaIk1Ic31+rAVeA==","openid":"o-a2B4hn0Bbg65G_AYasGv8sVv2U"}

[[[接口调用]]]
[2021/06/16 11:29:45.1594]
[线程：38]
	URL：https://api.weixin.qq.com/sns/jscode2session?appid=wxaf182e6a06f6a026&secret=fabba2d0a5f3ff30ccd49dae9fec587e&js_code=061uBGFa1ZtHdB0hJwFa1hzSQC3uBGFj&grant_type=authorization_code
	Result：
{"session_key":"Km4DerLSaIk1Ic31+rAVeA==","openid":"o-a2B4hn0Bbg65G_AYasGv8sVv2U"}

[[[自动注册扩展缓存完成]]]
[2021/06/16 13:58:01.8738]
[线程：1]
注册总用时：0.0371ms
自动扫描程序集：0个
扩展缓存：

[[[系统日志]]]
[2021/06/16 13:58:01.9053]
[线程：1]
系统启动

[[[微信扩展缓存注册完成]]]
[2021/06/16 13:58:01.9439]
[线程：1]
微信扩展缓存注册总用时：13.6918ms
扩展缓存：Senparc.Weixin.Cache.LocalContainerCacheStrategy
Senparc.Weixin.Cache.Redis.RedisContainerCacheStrategy

[[[接口调用]]]
[2021/06/16 13:58:17.5829]
[线程：27]
	URL：https://api.weixin.qq.com/sns/jscode2session?appid=wxaf182e6a06f6a026&secret=fabba2d0a5f3ff30ccd49dae9fec587e&js_code=041jI6Ga1ImBeB0E5YHa1mnrMI1jI6G8&grant_type=authorization_code
	Result：
{"session_key":"6ubkeCl72LfRTIyX3u\/BSg==","openid":"o-a2B4hn0Bbg65G_AYasGv8sVv2U"}

[[[接口调用]]]
[2021/06/16 13:58:58.1512]
[线程：4]
	URL：https://api.weixin.qq.com/sns/jscode2session?appid=wxaf182e6a06f6a026&secret=fabba2d0a5f3ff30ccd49dae9fec587e&js_code=041p09ll2u9Id74cS6ml2OWbLy4p09lF&grant_type=authorization_code
	Result：
{"session_key":"6ubkeCl72LfRTIyX3u\/BSg==","openid":"o-a2B4hn0Bbg65G_AYasGv8sVv2U"}

[[[接口调用]]]
[2021/06/16 14:00:50.4820]
[线程：4]
	URL：https://api.weixin.qq.com/sns/jscode2session?appid=wxaf182e6a06f6a026&secret=fabba2d0a5f3ff30ccd49dae9fec587e&js_code=091Wmb0w3VjGyW2Ab91w3rLq1p0Wmb0j&grant_type=authorization_code
	Result：
{"session_key":"Ojznp3Z1GrdPOxVsLhxzAw==","openid":"o-a2B4hn0Bbg65G_AYasGv8sVv2U"}

[[[接口调用]]]
[2021/06/16 14:02:04.2375]
[线程：30]
	URL：https://api.weixin.qq.com/sns/jscode2session?appid=wxaf182e6a06f6a026&secret=fabba2d0a5f3ff30ccd49dae9fec587e&js_code=071BTPFa12BMdB0omsFa1CpaYh2BTPFk&grant_type=authorization_code
	Result：
{"session_key":"Ojznp3Z1GrdPOxVsLhxzAw==","openid":"o-a2B4hn0Bbg65G_AYasGv8sVv2U"}

[[[接口调用]]]
[2021/06/16 14:02:22.2417]
[线程：4]
	URL：https://api.weixin.qq.com/sns/jscode2session?appid=wxaf182e6a06f6a026&secret=fabba2d0a5f3ff30ccd49dae9fec587e&js_code=061GRyFa1cC3eB0S3EIa1v21xI3GRyFx&grant_type=authorization_code
	Result：
{"session_key":"Ojznp3Z1GrdPOxVsLhxzAw==","openid":"o-a2B4hn0Bbg65G_AYasGv8sVv2U"}

[[[接口调用]]]
[2021/06/16 14:03:07.9497]
[线程：4]
	URL：https://api.weixin.qq.com/sns/jscode2session?appid=wxaf182e6a06f6a026&secret=fabba2d0a5f3ff30ccd49dae9fec587e&js_code=0319jqll2jTxe74DaPnl2UcpY249jqld&grant_type=authorization_code
	Result：
{"session_key":"+7n+G+ErvUvZ9EDWDrTOPw==","openid":"o-a2B4hn0Bbg65G_AYasGv8sVv2U"}

[[[接口调用]]]
[2021/06/16 14:03:56.1080]
[线程：33]
	URL：https://api.weixin.qq.com/sns/jscode2session?appid=wxaf182e6a06f6a026&secret=fabba2d0a5f3ff30ccd49dae9fec587e&js_code=061Fyb0w38zGyW2bqx0w38pcWL3Fyb0g&grant_type=authorization_code
	Result：
{"session_key":"+7n+G+ErvUvZ9EDWDrTOPw==","openid":"o-a2B4hn0Bbg65G_AYasGv8sVv2U"}

[[[接口调用]]]
[2021/06/16 14:05:02.3439]
[线程：29]
	URL：https://api.weixin.qq.com/sns/jscode2session?appid=wxaf182e6a06f6a026&secret=fabba2d0a5f3ff30ccd49dae9fec587e&js_code=011PaoGa1TykeB0tNbHa1aBaeu4PaoG2&grant_type=authorization_code
	Result：
{"session_key":"+7n+G+ErvUvZ9EDWDrTOPw==","openid":"o-a2B4hn0Bbg65G_AYasGv8sVv2U"}

[[[接口调用]]]
[2021/06/16 14:05:15.2542]
[线程：4]
	URL：https://api.weixin.qq.com/sns/jscode2session?appid=wxaf182e6a06f6a026&secret=fabba2d0a5f3ff30ccd49dae9fec587e&js_code=031E5QFa1guMdB0xsWGa1nvcNj1E5QFz&grant_type=authorization_code
	Result：
{"session_key":"PPmdgyNU2SXQsPynnZN0+A==","openid":"o-a2B4hn0Bbg65G_AYasGv8sVv2U"}

[[[接口调用]]]
[2021/06/16 14:10:40.4132]
[线程：4]
	URL：https://api.weixin.qq.com/sns/jscode2session?appid=wxaf182e6a06f6a026&secret=fabba2d0a5f3ff30ccd49dae9fec587e&js_code=061A4g000htlTL1lS3200HWhAP1A4g07&grant_type=authorization_code
	Result：
{"session_key":"buU3u0bXmr9F+1EX5dacbQ==","openid":"o-a2B4hn0Bbg65G_AYasGv8sVv2U"}

[[[自动注册扩展缓存完成]]]
[2021/06/16 14:14:30.4236]
[线程：1]
注册总用时：0.021ms
自动扫描程序集：0个
扩展缓存：

[[[系统日志]]]
[2021/06/16 14:14:30.4423]
[线程：1]
系统启动

[[[微信扩展缓存注册完成]]]
[2021/06/16 14:14:30.4755]
[线程：1]
微信扩展缓存注册总用时：11.0116ms
扩展缓存：Senparc.Weixin.Cache.LocalContainerCacheStrategy
Senparc.Weixin.Cache.Redis.RedisContainerCacheStrategy

[[[接口调用]]]
[2021/06/16 14:14:42.0972]
[线程：33]
	URL：https://api.weixin.qq.com/sns/jscode2session?appid=wxaf182e6a06f6a026&secret=fabba2d0a5f3ff30ccd49dae9fec587e&js_code=071aCzFa1O72eB0RUdIa17tCgB2aCzFL&grant_type=authorization_code
	Result：
{"session_key":"78laoXN6iS9cqAuWAk7x4w==","openid":"o-a2B4hn0Bbg65G_AYasGv8sVv2U"}

[[[自动注册扩展缓存完成]]]
[2021/06/16 14:16:36.8454]
[线程：1]
注册总用时：0.0155ms
自动扫描程序集：0个
扩展缓存：

[[[系统日志]]]
[2021/06/16 14:16:36.8739]
[线程：1]
系统启动

[[[微信扩展缓存注册完成]]]
[2021/06/16 14:16:36.9043]
[线程：1]
微信扩展缓存注册总用时：9.9598ms
扩展缓存：Senparc.Weixin.Cache.LocalContainerCacheStrategy
Senparc.Weixin.Cache.Redis.RedisContainerCacheStrategy

