 
跟踪标识：              
时间： 2021-06-04 10:30:41.1929         
来源： WX_Site.Program.Main         
等级： Debug         
信息： 启动Main         
堆栈：  Program.Main         
url:          
control:          
action:          

=======================================
 
跟踪标识：              
时间： 2021-06-04 10:31:51.1912         
来源： WX_Site.Program.Main         
等级： Debug         
信息： 启动Main         
堆栈：  Program.Main         
url:          
control:          
action:          

=======================================
 
跟踪标识：              
时间： 2021-06-04 10:33:40.0670         
来源： WX_Site.Program.Main         
等级： Debug         
信息： 启动Main         
堆栈：  Program.Main         
url:          
control:          
action:          

=======================================
 
跟踪标识：              
时间： 2021-06-04 10:35:52.4811         
来源： WX_Site.Program.Main         
等级： Debug         
信息： 启动Main         
堆栈：  Program.Main         
url:          
control:          
action:          

=======================================
 
跟踪标识：              
时间： 2021-06-04 10:39:07.3011         
来源： WX_Site.Program.Main         
等级： Debug         
信息： 启动Main         
堆栈：  Program.Main         
url:          
control:          
action:          

=======================================
 
跟踪标识： 0HM9707T2K31M:00000001             
时间： 2021-06-04 10:39:29.7574         
来源： Microsoft.AspNetCore.Server.Kestrel.Core.Internal.Http.HttpProtocol.ReportApplicationError         
等级： Error         
信息： Connection id "0HM9707T2K31M", Request id "0HM9707T2K31M:00000001": An unhandled exception was thrown by the application.         
堆栈：  AsyncMethodBuilderCore.Start => <ProcessRequests>d__214`1.MoveNext => HttpProtocol.ReportApplicationError         
url: http://localhost/         
control:          
action:          

=======================================
 
跟踪标识：              
时间： 2021-06-04 10:50:29.1641         
来源： WX_Site.Program.Main         
等级： Debug         
信息： 启动Main         
堆栈：  Program.Main         
url:          
control:          
action:          

=======================================
 
跟踪标识： 0HM970E8CRRFO:00000001             
时间： 2021-06-04 10:50:51.9337         
来源： Microsoft.AspNetCore.Server.Kestrel.Core.Internal.Http.HttpProtocol.ReportApplicationError         
等级： Error         
信息： Connection id "0HM970E8CRRFO", Request id "0HM970E8CRRFO:00000001": An unhandled exception was thrown by the application.         
堆栈：  AsyncMethodBuilderCore.Start => <ProcessRequests>d__214`1.MoveNext => HttpProtocol.ReportApplicationError         
url: http://localhost/         
control:          
action:          

=======================================
 
跟踪标识：              
时间： 2021-06-04 11:03:15.2185         
来源： WX_Site.Program.Main         
等级： Debug         
信息： 启动Main         
堆栈：  Program.Main         
url:          
control:          
action:          

=======================================
 
跟踪标识： 0HM970L7DIK23:00000001             
时间： 2021-06-04 11:03:21.1854         
来源： Microsoft.AspNetCore.Server.Kestrel.Core.Internal.Http.HttpProtocol.ReportApplicationError         
等级： Error         
信息： Connection id "0HM970L7DIK23", Request id "0HM970L7DIK23:00000001": An unhandled exception was thrown by the application.         
堆栈：  AsyncMethodBuilderCore.Start => <ProcessRequests>d__214`1.MoveNext => HttpProtocol.ReportApplicationError         
url: http://localhost/         
control:          
action:          

=======================================
 
跟踪标识： 0HM970L7DIK23:00000002             
时间： 2021-06-04 11:03:37.9436         
来源： Microsoft.AspNetCore.Server.Kestrel.Core.Internal.Http.HttpProtocol.ReportApplicationError         
等级： Error         
信息： Connection id "0HM970L7DIK23", Request id "0HM970L7DIK23:00000002": An unhandled exception was thrown by the application.         
堆栈：  AsyncStateMachineBox`1.ExecutionContextCallback => <ProcessRequests>d__214`1.MoveNext => HttpProtocol.ReportApplicationError         
url: http://localhost/wxopen/index         
control:          
action:          

=======================================
 
跟踪标识：              
时间： 2021-06-04 11:08:09.6408         
来源： WX_Site.Program.Main         
等级： Debug         
信息： 启动Main         
堆栈：  Program.Main         
url:          
control:          
action:          

=======================================
 
跟踪标识： 0HM970NURFA3H:00000001             
时间： 2021-06-04 11:08:14.4934         
来源： Microsoft.AspNetCore.Server.Kestrel.Core.Internal.Http.HttpProtocol.ReportApplicationError         
等级： Error         
信息： Connection id "0HM970NURFA3H", Request id "0HM970NURFA3H:00000001": An unhandled exception was thrown by the application.         
堆栈：  AsyncMethodBuilderCore.Start => <ProcessRequests>d__214`1.MoveNext => HttpProtocol.ReportApplicationError         
url: http://localhost/         
control:          
action:          

=======================================
 
跟踪标识： 0HM970NURFA3H:00000002             
时间： 2021-06-04 11:08:43.2622         
来源： Microsoft.AspNetCore.Server.Kestrel.Core.Internal.Http.HttpProtocol.ReportApplicationError         
等级： Error         
信息： Connection id "0HM970NURFA3H", Request id "0HM970NURFA3H:00000002": An unhandled exception was thrown by the application.         
堆栈：  AsyncStateMachineBox`1.ExecutionContextCallback => <ProcessRequests>d__214`1.MoveNext => HttpProtocol.ReportApplicationError         
url: http://localhost/         
control:          
action:          

=======================================
 
跟踪标识：              
时间： 2021-06-04 11:17:25.7016         
来源： WX_Site.Program.Main         
等级： Debug         
信息： 启动Main         
堆栈：  Program.Main         
url:          
control:          
action:          

=======================================
 
跟踪标识： 0HM970T4NFM49:00000001             
时间： 2021-06-04 11:17:31.4093         
来源： Microsoft.AspNetCore.Server.Kestrel.Core.Internal.Http.HttpProtocol.ReportApplicationError         
等级： Error         
信息： Connection id "0HM970T4NFM49", Request id "0HM970T4NFM49:00000001": An unhandled exception was thrown by the application.         
堆栈：  AsyncStateMachineBox`1.ExecutionContextCallback => <ProcessRequests>d__214`1.MoveNext => HttpProtocol.ReportApplicationError         
url: http://localhost/         
control:          
action:          

=======================================
 
跟踪标识：              
时间： 2021-06-04 13:08:48.3314         
来源： WX_Site.Program.Main         
等级： Debug         
信息： 启动Main         
堆栈：  Program.Main         
url:          
control:          
action:          

=======================================
 
跟踪标识： 0HM972RCENVM4:00000001             
时间： 2021-06-04 13:08:54.1545         
来源： Microsoft.AspNetCore.Server.Kestrel.Core.Internal.Http.HttpProtocol.ReportApplicationError         
等级： Error         
信息： Connection id "0HM972RCENVM4", Request id "0HM972RCENVM4:00000001": An unhandled exception was thrown by the application.         
堆栈：  AsyncMethodBuilderCore.Start => <ProcessRequests>d__214`1.MoveNext => HttpProtocol.ReportApplicationError         
url: http://localhost/         
control:          
action:          

=======================================
 
跟踪标识：              
时间： 2021-06-04 13:24:50.0987         
来源： WX_Site.Program.Main         
等级： Debug         
信息： 启动Main         
堆栈：  Program.Main         
url:          
control:          
action:          

=======================================
 
跟踪标识： 0HM9734ATH9BT:00000001             
时间： 2021-06-04 13:24:55.3897         
来源： Microsoft.AspNetCore.Server.Kestrel.Core.Internal.Http.HttpProtocol.ReportApplicationError         
等级： Error         
信息： Connection id "0HM9734ATH9BT", Request id "0HM9734ATH9BT:00000001": An unhandled exception was thrown by the application.         
堆栈：  AsyncMethodBuilderCore.Start => <ProcessRequests>d__214`1.MoveNext => HttpProtocol.ReportApplicationError         
url: http://localhost/         
control:          
action:          

=======================================
 
跟踪标识：              
时间： 2021-06-04 13:39:08.8537         
来源： WX_Site.Program.Main         
等级： Debug         
信息： 启动Main         
堆栈：  Program.Main         
url:          
control:          
action:          

=======================================
 
跟踪标识： 0HM973CAOV8FQ:00000001             
时间： 2021-06-04 13:39:13.8833         
来源： Microsoft.AspNetCore.Server.Kestrel.Core.Internal.Http.HttpProtocol.ReportApplicationError         
等级： Error         
信息： Connection id "0HM973CAOV8FQ", Request id "0HM973CAOV8FQ:00000001": An unhandled exception was thrown by the application.         
堆栈：  AsyncMethodBuilderCore.Start => <ProcessRequests>d__214`1.MoveNext => HttpProtocol.ReportApplicationError         
url: http://localhost/         
control:          
action:          

=======================================
 
跟踪标识：              
时间： 2021-06-04 13:48:09.9180         
来源： WX_Site.Program.Main         
等级： Debug         
信息： 启动Main         
堆栈：  Program.Main         
url:          
control:          
action:          

=======================================
 
跟踪标识： 0HM973HC6C8CS:00000001             
时间： 2021-06-04 13:48:15.4273         
来源： Microsoft.Extensions.Logging.LoggingExtensions.ErrorUnprotectingSessionCookie         
等级： Warn         
信息： Error unprotecting the session cookie.         
堆栈：  <Invoke>d__9.MoveNext => CookieProtection.Unprotect => LoggingExtensions.ErrorUnprotectingSessionCookie         
url: http://localhost/         
control:          
action:          

=======================================
 
跟踪标识：              
时间： 2021-06-04 14:04:06.0468         
来源： WX_Site.Program.Main         
等级： Debug         
信息： 启动Main         
堆栈：  Program.Main         
url:          
control:          
action:          

=======================================
 
跟踪标识： 0HM973Q969D58:00000001             
时间： 2021-06-04 14:04:11.7417         
来源： Microsoft.Extensions.Logging.LoggingExtensions.ErrorUnprotectingSessionCookie         
等级： Warn         
信息： Error unprotecting the session cookie.         
堆栈：  <Invoke>d__9.MoveNext => CookieProtection.Unprotect => LoggingExtensions.ErrorUnprotectingSessionCookie         
url: http://localhost/         
control:          
action:          

=======================================
 
跟踪标识： 0HM973Q969D58:00000002             
时间： 2021-06-04 14:04:29.0878         
来源： Microsoft.Extensions.Logging.LoggingExtensions.ErrorUnprotectingSessionCookie         
等级： Warn         
信息： Error unprotecting the session cookie.         
堆栈：  <Invoke>d__9.MoveNext => CookieProtection.Unprotect => LoggingExtensions.ErrorUnprotectingSessionCookie         
url: http://localhost/test/getcodemaster         
control:          
action:          

=======================================
