 
跟踪标识：              
时间： 2021-06-09 16:43:07.4595         
来源： WX_Site.Program.Main         
等级： Debug         
信息： 启动Main         
堆栈：  Program.Main         
url:          
control:          
action:          

=======================================
 
跟踪标识： 0HM9B4AFJO1QO:00000002             
时间： 2021-06-09 16:44:01.0395         
来源： WX_Site.Filters.CustomExceptionFilterAttribute.OnException         
等级： Error         
信息： 访问ID:0HM9B4AFJO1QO:00000002 异常信息:System.InvalidOperationException: Unable to resolve service for type 'Core.Database.Repository.IUnitOfWork`1[WXSite.Database.WXContext]' while attempting to activate 'WX_Site.Controllers.WxOpen.BSiteController'.
   at Microsoft.Extensions.DependencyInjection.ActivatorUtilities.GetService(IServiceProvider sp, Type type, Type requiredBy, Boolean isDefaultParameterRequired)
   at lambda_method(Closure , IServiceProvider , Object[] )
   at Microsoft.AspNetCore.Mvc.Controllers.ControllerActivatorProvider.<>c__DisplayClass4_0.<CreateActivator>b__0(ControllerContext controllerContext)
   at Microsoft.AspNetCore.Mvc.Controllers.ControllerFactoryProvider.<>c__DisplayClass5_0.<CreateControllerFactory>g__CreateController|0(ControllerContext controllerContext)
   at Microsoft.AspNetCore.Mvc.Infrastructure.ControllerActionInvoker.Next(State& next, Scope& scope, Object& state, Boolean& isCompleted)
   at Microsoft.AspNetCore.Mvc.Infrastructure.ControllerActionInvoker.InvokeInnerFilterAsync()
--- End of stack trace from previous location where exception was thrown ---
   at Microsoft.AspNetCore.Mvc.Infrastructure.ResourceInvoker.<InvokeNextExceptionFilterAsync>g__Awaited|25_0(ResourceInvoker invoker, Task lastTask, State next, Scope scope, Object state, Boolean isCompleted)         
堆栈：  ResourceInvoker.Next => ExceptionFilterAttribute.OnExceptionAsync => CustomExceptionFilterAttribute.OnException         
url: http://localhost/bsite/GetQuestionMenuList         
control: BSite         
action: GetQuestionMenuList         

=======================================
 
跟踪标识： 0HM9B4AFJO1QO:00000002             
时间： 2021-06-09 16:44:01.0982         
来源： Microsoft.AspNetCore.Mvc.ViewFeatures.MvcViewFeaturesLoggerExtensions.ViewNotFound         
等级： Error         
信息： The view 'Error' was not found. Searched locations: /Views/BSite/Error.cshtml, /Views/Shared/Error.cshtml         
堆栈：  <ExecuteAsync>d__7.MoveNext => ViewResultExecutor.FindView => MvcViewFeaturesLoggerExtensions.ViewNotFound         
url: http://localhost/bsite/GetQuestionMenuList         
control: BSite         
action: GetQuestionMenuList         

=======================================
 
跟踪标识： 0HM9B4AFJO1QO:00000002             
时间： 2021-06-09 16:44:01.1403         
来源： Microsoft.AspNetCore.Diagnostics.DiagnosticsLoggerExtensions.UnhandledException         
等级： Error         
信息： An unhandled exception has occurred while executing the request.         
堆栈：  AsyncMethodBuilderCore.Start => <Invoke>d__9.MoveNext => DiagnosticsLoggerExtensions.UnhandledException         
url: http://localhost/bsite/GetQuestionMenuList         
control: BSite         
action: GetQuestionMenuList         

=======================================
 
跟踪标识： 0HM9B4AFJO1QO:00000004             
时间： 2021-06-09 16:45:57.2492         
来源： WX_Site.Filters.CustomExceptionFilterAttribute.OnException         
等级： Error         
信息： 访问ID:0HM9B4AFJO1QO:00000004 异常信息:System.InvalidOperationException: Unable to resolve service for type 'Core.Database.Repository.IUnitOfWork`1[WXSite.Database.WXContext]' while attempting to activate 'WX_Site.Controllers.WxOpen.BSiteController'.
   at Microsoft.Extensions.DependencyInjection.ActivatorUtilities.GetService(IServiceProvider sp, Type type, Type requiredBy, Boolean isDefaultParameterRequired)
   at lambda_method(Closure , IServiceProvider , Object[] )
   at Microsoft.AspNetCore.Mvc.Controllers.ControllerActivatorProvider.<>c__DisplayClass4_0.<CreateActivator>b__0(ControllerContext controllerContext)
   at Microsoft.AspNetCore.Mvc.Controllers.ControllerFactoryProvider.<>c__DisplayClass5_0.<CreateControllerFactory>g__CreateController|0(ControllerContext controllerContext)
   at Microsoft.AspNetCore.Mvc.Infrastructure.ControllerActionInvoker.Next(State& next, Scope& scope, Object& state, Boolean& isCompleted)
   at Microsoft.AspNetCore.Mvc.Infrastructure.ControllerActionInvoker.InvokeInnerFilterAsync()
--- End of stack trace from previous location where exception was thrown ---
   at Microsoft.AspNetCore.Mvc.Infrastructure.ResourceInvoker.<InvokeNextExceptionFilterAsync>g__Awaited|25_0(ResourceInvoker invoker, Task lastTask, State next, Scope scope, Object state, Boolean isCompleted)         
堆栈：  ResourceInvoker.Next => ExceptionFilterAttribute.OnExceptionAsync => CustomExceptionFilterAttribute.OnException         
url: http://localhost/bsite/GetQuestionMenuList         
control: BSite         
action: GetQuestionMenuList         

=======================================
 
跟踪标识： 0HM9B4AFJO1QO:00000004             
时间： 2021-06-09 16:45:57.2629         
来源： Microsoft.AspNetCore.Mvc.ViewFeatures.MvcViewFeaturesLoggerExtensions.ViewNotFound         
等级： Error         
信息： The view 'Error' was not found. Searched locations: /Views/BSite/Error.cshtml, /Views/Shared/Error.cshtml         
堆栈：  <ExecuteAsync>d__7.MoveNext => ViewResultExecutor.FindView => MvcViewFeaturesLoggerExtensions.ViewNotFound         
url: http://localhost/bsite/GetQuestionMenuList         
control: BSite         
action: GetQuestionMenuList         

=======================================
 
跟踪标识： 0HM9B4AFJO1QO:00000004             
时间： 2021-06-09 16:45:57.2814         
来源： Microsoft.AspNetCore.Diagnostics.DiagnosticsLoggerExtensions.UnhandledException         
等级： Error         
信息： An unhandled exception has occurred while executing the request.         
堆栈：  AsyncMethodBuilderCore.Start => <Invoke>d__9.MoveNext => DiagnosticsLoggerExtensions.UnhandledException         
url: http://localhost/bsite/GetQuestionMenuList         
control: BSite         
action: GetQuestionMenuList         

=======================================
 
跟踪标识：              
时间： 2021-06-09 16:46:53.0935         
来源： WX_Site.Program.Main         
等级： Debug         
信息： 启动Main         
堆栈：  Program.Main         
url:          
control:          
action:          

=======================================
 
跟踪标识： 0HM9B4CHTB15L:00000002             
时间： 2021-06-09 16:47:25.3286         
来源： WX_Site.Filters.CustomExceptionFilterAttribute.OnException         
等级： Error         
信息： 访问ID:0HM9B4CHTB15L:00000002 异常信息:System.InvalidOperationException: Unable to resolve service for type 'Core.Database.Repository.IUnitOfWork`1[WXSite.Database.WXContext]' while attempting to activate 'WX_Site.Controllers.WxOpen.BSiteController'.
   at Microsoft.Extensions.DependencyInjection.ActivatorUtilities.GetService(IServiceProvider sp, Type type, Type requiredBy, Boolean isDefaultParameterRequired)
   at lambda_method(Closure , IServiceProvider , Object[] )
   at Microsoft.AspNetCore.Mvc.Controllers.ControllerActivatorProvider.<>c__DisplayClass4_0.<CreateActivator>b__0(ControllerContext controllerContext)
   at Microsoft.AspNetCore.Mvc.Controllers.ControllerFactoryProvider.<>c__DisplayClass5_0.<CreateControllerFactory>g__CreateController|0(ControllerContext controllerContext)
   at Microsoft.AspNetCore.Mvc.Infrastructure.ControllerActionInvoker.Next(State& next, Scope& scope, Object& state, Boolean& isCompleted)
   at Microsoft.AspNetCore.Mvc.Infrastructure.ControllerActionInvoker.InvokeInnerFilterAsync()
--- End of stack trace from previous location where exception was thrown ---
   at Microsoft.AspNetCore.Mvc.Infrastructure.ResourceInvoker.<InvokeNextExceptionFilterAsync>g__Awaited|25_0(ResourceInvoker invoker, Task lastTask, State next, Scope scope, Object state, Boolean isCompleted)         
堆栈：  ResourceInvoker.Next => ExceptionFilterAttribute.OnExceptionAsync => CustomExceptionFilterAttribute.OnException         
url: http://localhost/bsite/GetQuestionMenuList         
control: BSite         
action: GetQuestionMenuList         

=======================================
 
跟踪标识： 0HM9B4CHTB15L:00000002             
时间： 2021-06-09 16:47:25.3984         
来源： Microsoft.AspNetCore.Mvc.ViewFeatures.MvcViewFeaturesLoggerExtensions.ViewNotFound         
等级： Error         
信息： The view 'Error' was not found. Searched locations: /Views/BSite/Error.cshtml, /Views/Shared/Error.cshtml         
堆栈：  <ExecuteAsync>d__7.MoveNext => ViewResultExecutor.FindView => MvcViewFeaturesLoggerExtensions.ViewNotFound         
url: http://localhost/bsite/GetQuestionMenuList         
control: BSite         
action: GetQuestionMenuList         

=======================================
 
跟踪标识： 0HM9B4CHTB15L:00000002             
时间： 2021-06-09 16:47:25.4322         
来源： Microsoft.AspNetCore.Diagnostics.DiagnosticsLoggerExtensions.UnhandledException         
等级： Error         
信息： An unhandled exception has occurred while executing the request.         
堆栈：  AsyncMethodBuilderCore.Start => <Invoke>d__9.MoveNext => DiagnosticsLoggerExtensions.UnhandledException         
url: http://localhost/bsite/GetQuestionMenuList         
control: BSite         
action: GetQuestionMenuList         

=======================================
 
跟踪标识：              
时间： 2021-06-09 16:55:27.8807         
来源： WX_Site.Program.Main         
等级： Debug         
信息： 启动Main         
堆栈：  Program.Main         
url:          
control:          
action:          

=======================================
 
跟踪标识：              
时间： 2021-06-09 16:56:47.4863         
来源： WX_Site.Program.Main         
等级： Debug         
信息： 启动Main         
堆栈：  Program.Main         
url:          
control:          
action:          

=======================================
