 
跟踪标识：              
时间： 2021-06-08 08:50:41.5394         
来源： WX_Site.Program.Main         
等级： Debug         
信息： 启动Main         
堆栈：  Program.Main         
url:          
control:          
action:          

=======================================
 
跟踪标识： 0HM9A2TR91CU6:00000001             
时间： 2021-06-08 08:52:29.2843         
来源： Microsoft.Extensions.Logging.LoggingExtensions.ErrorClosingTheSession         
等级： Error         
信息： Error closing the session.         
堆栈：  AsyncMethodBuilderCore.Start => <Invoke>d__9.MoveNext => LoggingExtensions.ErrorClosingTheSession         
url: http://10.27.9.154/WxOpen/onLogin         
control: WxOpen         
action: OnLogin         

=======================================
 
跟踪标识：              
时间： 2021-06-08 08:54:34.5700         
来源： WX_Site.Program.Main         
等级： Debug         
信息： 启动Main         
堆栈：  Program.Main         
url:          
control:          
action:          

=======================================
 
跟踪标识：              
时间： 2021-06-08 09:06:27.3819         
来源： WX_Site.Program.Main         
等级： Debug         
信息： 启动Main         
堆栈：  Program.Main         
url:          
control:          
action:          

=======================================
 
跟踪标识：              
时间： 2021-06-08 10:03:27.7014         
来源： WX_Site.Program.Main         
等级： Debug         
信息： 启动Main         
堆栈：  Program.Main         
url:          
control:          
action:          

=======================================
 
跟踪标识：              
时间： 2021-06-08 10:52:00.7146         
来源： WX_Site.Program.Main         
等级： Debug         
信息： 启动Main         
堆栈：  Program.Main         
url:          
control:          
action:          

=======================================
 
跟踪标识：              
时间： 2021-06-08 13:29:15.3338         
来源： WX_Site.Program.Main         
等级： Debug         
信息： 启动Main         
堆栈：  Program.Main         
url:          
control:          
action:          

=======================================
