[[[自动注册扩展缓存完成]]]
[2021/06/08 08:50:49.0140]
[线程：1]
注册总用时：0.1144ms
自动扫描程序集：0个
扩展缓存：

[[[系统日志]]]
[2021/06/08 08:50:49.0431]
[线程：1]
系统启动

[[[微信扩展缓存注册完成]]]
[2021/06/08 08:50:49.1880]
[线程：1]
微信扩展缓存注册总用时：103.2862ms
扩展缓存：Senparc.Weixin.Cache.LocalContainerCacheStrategy
Senparc.Weixin.Cache.Redis.RedisContainerCacheStrategy

[[[自动注册扩展缓存完成]]]
[2021/06/08 09:06:29.9907]
[线程：1]
注册总用时：0.0118ms
自动扫描程序集：0个
扩展缓存：

[[[系统日志]]]
[2021/06/08 09:06:30.0112]
[线程：1]
系统启动

[[[微信扩展缓存注册完成]]]
[2021/06/08 09:06:30.0522]
[线程：1]
微信扩展缓存注册总用时：12.5934ms
扩展缓存：Senparc.Weixin.Cache.LocalContainerCacheStrategy
Senparc.Weixin.Cache.Redis.RedisContainerCacheStrategy

[[[自动注册扩展缓存完成]]]
[2021/06/08 10:03:30.9947]
[线程：1]
注册总用时：0.0085ms
自动扫描程序集：0个
扩展缓存：

[[[系统日志]]]
[2021/06/08 10:03:31.0216]
[线程：1]
系统启动

[[[微信扩展缓存注册完成]]]
[2021/06/08 10:03:31.0676]
[线程：1]
微信扩展缓存注册总用时：13.8947ms
扩展缓存：Senparc.Weixin.Cache.LocalContainerCacheStrategy
Senparc.Weixin.Cache.Redis.RedisContainerCacheStrategy

